/root/LK/sparse_learning
Namespace(batch_size=100, bench=False, data='mnist', decay_frequency=25000, decay_schedule='cosine', dense=True, density=0.05, epochs=100, fp16=False, growth='momentum', iters=1, l1=0.0, l2=0.0005, log_interval=100, lr=0.1, max_threads=10, model='lenet300-100', momentum=0.9, no_cuda=False, optimizer='sgd', prune='magnitude', prune_rate=0.5, redistribution='momentum', resume=None, save_features=False, save_model='./models/model.pt', seed=17, start_epoch=1, test_batch_size=100, valid_split=0.1, verbose=False)



================================================================================

Iteration start: 1/1

Train loader length 540
LeNet_300_100(
  (fc1): Linear(in_features=784, out_features=300, bias=True)
  (fc2): Linear(in_features=300, out_features=100, bias=True)
  (fc3): Linear(in_features=100, out_features=10, bias=True)
)
============================================================
lenet300-100
============================================================
============================================================
Prune mode: magnitude
Growth mode: momentum
Redistribution mode: momentum
============================================================
Train Epoch: 1 [0/54000 (0%)]	Loss: 2.304187
Train Epoch: 1 [10000/54000 (19%)]	Loss: 0.241723
Train Epoch: 1 [20000/54000 (37%)]	Loss: 0.240182
Train Epoch: 1 [30000/54000 (56%)]	Loss: 0.063531
Train Epoch: 1 [40000/54000 (74%)]	Loss: 0.252555
Train Epoch: 1 [50000/54000 (93%)]	Loss: 0.272088
/root/envs/lottery/lib/python3.7/site-packages/torch/optim/lr_scheduler.py:123: UserWarning: Detected call of `lr_scheduler.step()` before `optimizer.step()`. In PyTorch 1.1.0 and later, you should call them in the opposite order: `optimizer.step()` before `lr_scheduler.step()`.  Failure to do this will result in PyTorch skipping the first value of the learning rate schedule. See more details at https://pytorch.org/docs/stable/optim.html#how-to-adjust-learning-rate
  "https://pytorch.org/docs/stable/optim.html#how-to-adjust-learning-rate", UserWarning)

Evaluation: Average loss: 0.1175, Accuracy: 5787/6000 (96.450%)

Current learning rate: 0.1. Time taken for epoch: 2.71 seconds.

Train Epoch: 2 [0/54000 (0%)]	Loss: 0.227820
Train Epoch: 2 [10000/54000 (19%)]	Loss: 0.057600
Train Epoch: 2 [20000/54000 (37%)]	Loss: 0.114972
Train Epoch: 2 [30000/54000 (56%)]	Loss: 0.070294
Train Epoch: 2 [40000/54000 (74%)]	Loss: 0.106812
Train Epoch: 2 [50000/54000 (93%)]	Loss: 0.048461

Evaluation: Average loss: 0.0975, Accuracy: 5836/6000 (97.267%)

Current learning rate: 0.1. Time taken for epoch: 2.76 seconds.

Train Epoch: 3 [0/54000 (0%)]	Loss: 0.182118
Train Epoch: 3 [10000/54000 (19%)]	Loss: 0.056907
Train Epoch: 3 [20000/54000 (37%)]	Loss: 0.073056
Train Epoch: 3 [30000/54000 (56%)]	Loss: 0.109986
Train Epoch: 3 [40000/54000 (74%)]	Loss: 0.164132
Train Epoch: 3 [50000/54000 (93%)]	Loss: 0.093191

Evaluation: Average loss: 0.0999, Accuracy: 5830/6000 (97.167%)

Current learning rate: 0.1. Time taken for epoch: 2.74 seconds.

Train Epoch: 4 [0/54000 (0%)]	Loss: 0.114533
Train Epoch: 4 [10000/54000 (19%)]	Loss: 0.017182
Train Epoch: 4 [20000/54000 (37%)]	Loss: 0.114673
Train Epoch: 4 [30000/54000 (56%)]	Loss: 0.057503
Train Epoch: 4 [40000/54000 (74%)]	Loss: 0.077640
Train Epoch: 4 [50000/54000 (93%)]	Loss: 0.025468

Evaluation: Average loss: 0.0854, Accuracy: 5842/6000 (97.367%)

Current learning rate: 0.1. Time taken for epoch: 2.71 seconds.

Train Epoch: 5 [0/54000 (0%)]	Loss: 0.045140
Train Epoch: 5 [10000/54000 (19%)]	Loss: 0.053116
Train Epoch: 5 [20000/54000 (37%)]	Loss: 0.114993
Train Epoch: 5 [30000/54000 (56%)]	Loss: 0.149077
Train Epoch: 5 [40000/54000 (74%)]	Loss: 0.053402
Train Epoch: 5 [50000/54000 (93%)]	Loss: 0.075124

Evaluation: Average loss: 0.0974, Accuracy: 5828/6000 (97.133%)

Current learning rate: 0.1. Time taken for epoch: 2.72 seconds.

Train Epoch: 6 [0/54000 (0%)]	Loss: 0.180765
Train Epoch: 6 [10000/54000 (19%)]	Loss: 0.138555
Train Epoch: 6 [20000/54000 (37%)]	Loss: 0.046289
Train Epoch: 6 [30000/54000 (56%)]	Loss: 0.110713
Train Epoch: 6 [40000/54000 (74%)]	Loss: 0.114259
Train Epoch: 6 [50000/54000 (93%)]	Loss: 0.139648

Evaluation: Average loss: 0.1024, Accuracy: 5827/6000 (97.117%)

Current learning rate: 0.1. Time taken for epoch: 2.72 seconds.

Train Epoch: 7 [0/54000 (0%)]	Loss: 0.087164
Train Epoch: 7 [10000/54000 (19%)]	Loss: 0.035241
Train Epoch: 7 [20000/54000 (37%)]	Loss: 0.021063
Train Epoch: 7 [30000/54000 (56%)]	Loss: 0.061855
Train Epoch: 7 [40000/54000 (74%)]	Loss: 0.023542
Train Epoch: 7 [50000/54000 (93%)]	Loss: 0.046824

Evaluation: Average loss: 0.0816, Accuracy: 5859/6000 (97.650%)

Current learning rate: 0.1. Time taken for epoch: 2.78 seconds.

Train Epoch: 8 [0/54000 (0%)]	Loss: 0.045013
Train Epoch: 8 [10000/54000 (19%)]	Loss: 0.063397
Train Epoch: 8 [20000/54000 (37%)]	Loss: 0.103168
Train Epoch: 8 [30000/54000 (56%)]	Loss: 0.080148
Train Epoch: 8 [40000/54000 (74%)]	Loss: 0.007918
Train Epoch: 8 [50000/54000 (93%)]	Loss: 0.042829

Evaluation: Average loss: 0.0982, Accuracy: 5839/6000 (97.317%)

Current learning rate: 0.1. Time taken for epoch: 2.70 seconds.

Train Epoch: 9 [0/54000 (0%)]	Loss: 0.063057
Train Epoch: 9 [10000/54000 (19%)]	Loss: 0.058164
Train Epoch: 9 [20000/54000 (37%)]	Loss: 0.039748
Train Epoch: 9 [30000/54000 (56%)]	Loss: 0.069405
Train Epoch: 9 [40000/54000 (74%)]	Loss: 0.015857
Train Epoch: 9 [50000/54000 (93%)]	Loss: 0.110856

Evaluation: Average loss: 0.0923, Accuracy: 5839/6000 (97.317%)

Current learning rate: 0.1. Time taken for epoch: 2.72 seconds.

Train Epoch: 10 [0/54000 (0%)]	Loss: 0.006346
Train Epoch: 10 [10000/54000 (19%)]	Loss: 0.057965
Train Epoch: 10 [20000/54000 (37%)]	Loss: 0.046901
Train Epoch: 10 [30000/54000 (56%)]	Loss: 0.089941
Train Epoch: 10 [40000/54000 (74%)]	Loss: 0.078639
Train Epoch: 10 [50000/54000 (93%)]	Loss: 0.039629

Evaluation: Average loss: 0.0838, Accuracy: 5851/6000 (97.517%)

Current learning rate: 0.1. Time taken for epoch: 2.70 seconds.

Train Epoch: 11 [0/54000 (0%)]	Loss: 0.038072
Train Epoch: 11 [10000/54000 (19%)]	Loss: 0.007961
Train Epoch: 11 [20000/54000 (37%)]	Loss: 0.115871
Train Epoch: 11 [30000/54000 (56%)]	Loss: 0.065844
Train Epoch: 11 [40000/54000 (74%)]	Loss: 0.014363
Train Epoch: 11 [50000/54000 (93%)]	Loss: 0.023574

Evaluation: Average loss: 0.0805, Accuracy: 5867/6000 (97.783%)

Current learning rate: 0.1. Time taken for epoch: 2.71 seconds.

Train Epoch: 12 [0/54000 (0%)]	Loss: 0.015234
Train Epoch: 12 [10000/54000 (19%)]	Loss: 0.017082
Train Epoch: 12 [20000/54000 (37%)]	Loss: 0.144095
Train Epoch: 12 [30000/54000 (56%)]	Loss: 0.017879
Train Epoch: 12 [40000/54000 (74%)]	Loss: 0.012740
Train Epoch: 12 [50000/54000 (93%)]	Loss: 0.110056

Evaluation: Average loss: 0.0799, Accuracy: 5863/6000 (97.717%)

Current learning rate: 0.1. Time taken for epoch: 2.71 seconds.

Train Epoch: 13 [0/54000 (0%)]	Loss: 0.036155
Train Epoch: 13 [10000/54000 (19%)]	Loss: 0.140361
Train Epoch: 13 [20000/54000 (37%)]	Loss: 0.084429
Train Epoch: 13 [30000/54000 (56%)]	Loss: 0.036751
Train Epoch: 13 [40000/54000 (74%)]	Loss: 0.035601
Train Epoch: 13 [50000/54000 (93%)]	Loss: 0.071767

Evaluation: Average loss: 0.0980, Accuracy: 5832/6000 (97.200%)

Current learning rate: 0.1. Time taken for epoch: 2.76 seconds.

Train Epoch: 14 [0/54000 (0%)]	Loss: 0.015339
Train Epoch: 14 [10000/54000 (19%)]	Loss: 0.167518
Train Epoch: 14 [20000/54000 (37%)]	Loss: 0.024239
Train Epoch: 14 [30000/54000 (56%)]	Loss: 0.078347
Train Epoch: 14 [40000/54000 (74%)]	Loss: 0.090635
Train Epoch: 14 [50000/54000 (93%)]	Loss: 0.014726

Evaluation: Average loss: 0.0843, Accuracy: 5865/6000 (97.750%)

Current learning rate: 0.1. Time taken for epoch: 2.73 seconds.

Train Epoch: 15 [0/54000 (0%)]	Loss: 0.025241
Train Epoch: 15 [10000/54000 (19%)]	Loss: 0.003379
Train Epoch: 15 [20000/54000 (37%)]	Loss: 0.124015
Train Epoch: 15 [30000/54000 (56%)]	Loss: 0.058584
Train Epoch: 15 [40000/54000 (74%)]	Loss: 0.006613
Train Epoch: 15 [50000/54000 (93%)]	Loss: 0.046920

Evaluation: Average loss: 0.0755, Accuracy: 5874/6000 (97.900%)

Current learning rate: 0.1. Time taken for epoch: 2.72 seconds.

Train Epoch: 16 [0/54000 (0%)]	Loss: 0.024012
Train Epoch: 16 [10000/54000 (19%)]	Loss: 0.031456
Train Epoch: 16 [20000/54000 (37%)]	Loss: 0.052771
Train Epoch: 16 [30000/54000 (56%)]	Loss: 0.035939
Train Epoch: 16 [40000/54000 (74%)]	Loss: 0.034108
Train Epoch: 16 [50000/54000 (93%)]	Loss: 0.052333

Evaluation: Average loss: 0.0814, Accuracy: 5866/6000 (97.767%)

Current learning rate: 0.1. Time taken for epoch: 2.73 seconds.

Train Epoch: 17 [0/54000 (0%)]	Loss: 0.049727
Train Epoch: 17 [10000/54000 (19%)]	Loss: 0.132150
Train Epoch: 17 [20000/54000 (37%)]	Loss: 0.052989
Train Epoch: 17 [30000/54000 (56%)]	Loss: 0.076145
Train Epoch: 17 [40000/54000 (74%)]	Loss: 0.026429
Train Epoch: 17 [50000/54000 (93%)]	Loss: 0.040821

Evaluation: Average loss: 0.0903, Accuracy: 5854/6000 (97.567%)

Current learning rate: 0.1. Time taken for epoch: 2.74 seconds.

Train Epoch: 18 [0/54000 (0%)]	Loss: 0.033924
Train Epoch: 18 [10000/54000 (19%)]	Loss: 0.031904
Train Epoch: 18 [20000/54000 (37%)]	Loss: 0.013958
Train Epoch: 18 [30000/54000 (56%)]	Loss: 0.013763
Train Epoch: 18 [40000/54000 (74%)]	Loss: 0.053557
Train Epoch: 18 [50000/54000 (93%)]	Loss: 0.080882

Evaluation: Average loss: 0.1121, Accuracy: 5815/6000 (96.917%)

Current learning rate: 0.1. Time taken for epoch: 2.72 seconds.

Train Epoch: 19 [0/54000 (0%)]	Loss: 0.039499
Train Epoch: 19 [10000/54000 (19%)]	Loss: 0.042180
Train Epoch: 19 [20000/54000 (37%)]	Loss: 0.074719
Train Epoch: 19 [30000/54000 (56%)]	Loss: 0.034775
Train Epoch: 19 [40000/54000 (74%)]	Loss: 0.183923
Train Epoch: 19 [50000/54000 (93%)]	Loss: 0.036943

Evaluation: Average loss: 0.0845, Accuracy: 5864/6000 (97.733%)

Current learning rate: 0.1. Time taken for epoch: 2.73 seconds.

Train Epoch: 20 [0/54000 (0%)]	Loss: 0.007459
Train Epoch: 20 [10000/54000 (19%)]	Loss: 0.033319
Train Epoch: 20 [20000/54000 (37%)]	Loss: 0.016458
Train Epoch: 20 [30000/54000 (56%)]	Loss: 0.098907
Train Epoch: 20 [40000/54000 (74%)]	Loss: 0.064508
Train Epoch: 20 [50000/54000 (93%)]	Loss: 0.116786

Evaluation: Average loss: 0.0995, Accuracy: 5830/6000 (97.167%)

Current learning rate: 0.1. Time taken for epoch: 2.71 seconds.

Train Epoch: 21 [0/54000 (0%)]	Loss: 0.082970
Train Epoch: 21 [10000/54000 (19%)]	Loss: 0.042765
Train Epoch: 21 [20000/54000 (37%)]	Loss: 0.054203
Train Epoch: 21 [30000/54000 (56%)]	Loss: 0.008163
Train Epoch: 21 [40000/54000 (74%)]	Loss: 0.059563
Train Epoch: 21 [50000/54000 (93%)]	Loss: 0.088337

Evaluation: Average loss: 0.0870, Accuracy: 5859/6000 (97.650%)

Current learning rate: 0.1. Time taken for epoch: 2.77 seconds.

Train Epoch: 22 [0/54000 (0%)]	Loss: 0.075789
Train Epoch: 22 [10000/54000 (19%)]	Loss: 0.020282
Train Epoch: 22 [20000/54000 (37%)]	Loss: 0.005932
Train Epoch: 22 [30000/54000 (56%)]	Loss: 0.050405
Train Epoch: 22 [40000/54000 (74%)]	Loss: 0.064580
Train Epoch: 22 [50000/54000 (93%)]	Loss: 0.067530

Evaluation: Average loss: 0.0945, Accuracy: 5830/6000 (97.167%)

Current learning rate: 0.1. Time taken for epoch: 2.74 seconds.

Train Epoch: 23 [0/54000 (0%)]	Loss: 0.071671
Train Epoch: 23 [10000/54000 (19%)]	Loss: 0.047710
Train Epoch: 23 [20000/54000 (37%)]	Loss: 0.030494
Train Epoch: 23 [30000/54000 (56%)]	Loss: 0.146477
Train Epoch: 23 [40000/54000 (74%)]	Loss: 0.024897
Train Epoch: 23 [50000/54000 (93%)]	Loss: 0.133070

Evaluation: Average loss: 0.0739, Accuracy: 5877/6000 (97.950%)

Current learning rate: 0.1. Time taken for epoch: 2.70 seconds.

Train Epoch: 24 [0/54000 (0%)]	Loss: 0.031534
Train Epoch: 24 [10000/54000 (19%)]	Loss: 0.004054
Train Epoch: 24 [20000/54000 (37%)]	Loss: 0.042796
Train Epoch: 24 [30000/54000 (56%)]	Loss: 0.090869
Train Epoch: 24 [40000/54000 (74%)]	Loss: 0.140800
Train Epoch: 24 [50000/54000 (93%)]	Loss: 0.040267

Evaluation: Average loss: 0.0754, Accuracy: 5862/6000 (97.700%)

Current learning rate: 0.1. Time taken for epoch: 2.73 seconds.

Train Epoch: 25 [0/54000 (0%)]	Loss: 0.015196
Train Epoch: 25 [10000/54000 (19%)]	Loss: 0.022158
Train Epoch: 25 [20000/54000 (37%)]	Loss: 0.071743
Train Epoch: 25 [30000/54000 (56%)]	Loss: 0.022610
Train Epoch: 25 [40000/54000 (74%)]	Loss: 0.035590
Train Epoch: 25 [50000/54000 (93%)]	Loss: 0.064113

Evaluation: Average loss: 0.0815, Accuracy: 5871/6000 (97.850%)

Current learning rate: 0.1. Time taken for epoch: 2.69 seconds.

Train Epoch: 26 [0/54000 (0%)]	Loss: 0.072219
Train Epoch: 26 [10000/54000 (19%)]	Loss: 0.114104
Train Epoch: 26 [20000/54000 (37%)]	Loss: 0.063749
Train Epoch: 26 [30000/54000 (56%)]	Loss: 0.060233
Train Epoch: 26 [40000/54000 (74%)]	Loss: 0.118021
Train Epoch: 26 [50000/54000 (93%)]	Loss: 0.124978

Evaluation: Average loss: 0.0774, Accuracy: 5877/6000 (97.950%)

Current learning rate: 0.1. Time taken for epoch: 2.72 seconds.

Train Epoch: 27 [0/54000 (0%)]	Loss: 0.041606
Train Epoch: 27 [10000/54000 (19%)]	Loss: 0.058001
Train Epoch: 27 [20000/54000 (37%)]	Loss: 0.024684
Train Epoch: 27 [30000/54000 (56%)]	Loss: 0.181259
Train Epoch: 27 [40000/54000 (74%)]	Loss: 0.033097
Train Epoch: 27 [50000/54000 (93%)]	Loss: 0.068780

Evaluation: Average loss: 0.0917, Accuracy: 5844/6000 (97.400%)

Current learning rate: 0.1. Time taken for epoch: 2.68 seconds.

Train Epoch: 28 [0/54000 (0%)]	Loss: 0.035307
Train Epoch: 28 [10000/54000 (19%)]	Loss: 0.008900
Train Epoch: 28 [20000/54000 (37%)]	Loss: 0.078856
Train Epoch: 28 [30000/54000 (56%)]	Loss: 0.011291
Train Epoch: 28 [40000/54000 (74%)]	Loss: 0.079735
Train Epoch: 28 [50000/54000 (93%)]	Loss: 0.030794

Evaluation: Average loss: 0.0805, Accuracy: 5880/6000 (98.000%)

Current learning rate: 0.1. Time taken for epoch: 2.72 seconds.

Train Epoch: 29 [0/54000 (0%)]	Loss: 0.109716
Train Epoch: 29 [10000/54000 (19%)]	Loss: 0.059314
Train Epoch: 29 [20000/54000 (37%)]	Loss: 0.117148
Train Epoch: 29 [30000/54000 (56%)]	Loss: 0.012084
Train Epoch: 29 [40000/54000 (74%)]	Loss: 0.064176
Train Epoch: 29 [50000/54000 (93%)]	Loss: 0.040874

Evaluation: Average loss: 0.0837, Accuracy: 5851/6000 (97.517%)

Current learning rate: 0.1. Time taken for epoch: 2.72 seconds.

Train Epoch: 30 [0/54000 (0%)]	Loss: 0.026599
Train Epoch: 30 [10000/54000 (19%)]	Loss: 0.035674
Train Epoch: 30 [20000/54000 (37%)]	Loss: 0.123155
Train Epoch: 30 [30000/54000 (56%)]	Loss: 0.024066
Train Epoch: 30 [40000/54000 (74%)]	Loss: 0.141671
Train Epoch: 30 [50000/54000 (93%)]	Loss: 0.141364

Evaluation: Average loss: 0.0976, Accuracy: 5828/6000 (97.133%)

Current learning rate: 0.1. Time taken for epoch: 2.72 seconds.

Train Epoch: 31 [0/54000 (0%)]	Loss: 0.091744
Train Epoch: 31 [10000/54000 (19%)]	Loss: 0.045706
Train Epoch: 31 [20000/54000 (37%)]	Loss: 0.029095
Train Epoch: 31 [30000/54000 (56%)]	Loss: 0.071757
Train Epoch: 31 [40000/54000 (74%)]	Loss: 0.069318
Train Epoch: 31 [50000/54000 (93%)]	Loss: 0.032787

Evaluation: Average loss: 0.0888, Accuracy: 5854/6000 (97.567%)

Current learning rate: 0.1. Time taken for epoch: 2.72 seconds.

Train Epoch: 32 [0/54000 (0%)]	Loss: 0.072419
Train Epoch: 32 [10000/54000 (19%)]	Loss: 0.050097
Train Epoch: 32 [20000/54000 (37%)]	Loss: 0.115424
Train Epoch: 32 [30000/54000 (56%)]	Loss: 0.159996
Train Epoch: 32 [40000/54000 (74%)]	Loss: 0.015044
Train Epoch: 32 [50000/54000 (93%)]	Loss: 0.083807

Evaluation: Average loss: 0.1037, Accuracy: 5832/6000 (97.200%)

Current learning rate: 0.1. Time taken for epoch: 2.73 seconds.

Train Epoch: 33 [0/54000 (0%)]	Loss: 0.009134
Train Epoch: 33 [10000/54000 (19%)]	Loss: 0.020692
Train Epoch: 33 [20000/54000 (37%)]	Loss: 0.011645
Train Epoch: 33 [30000/54000 (56%)]	Loss: 0.028536
Train Epoch: 33 [40000/54000 (74%)]	Loss: 0.019915
Train Epoch: 33 [50000/54000 (93%)]	Loss: 0.026204

Evaluation: Average loss: 0.0879, Accuracy: 5830/6000 (97.167%)

Current learning rate: 0.1. Time taken for epoch: 2.72 seconds.

Train Epoch: 34 [0/54000 (0%)]	Loss: 0.010392
Train Epoch: 34 [10000/54000 (19%)]	Loss: 0.016347
Train Epoch: 34 [20000/54000 (37%)]	Loss: 0.015268
Train Epoch: 34 [30000/54000 (56%)]	Loss: 0.011312
Train Epoch: 34 [40000/54000 (74%)]	Loss: 0.062205
Train Epoch: 34 [50000/54000 (93%)]	Loss: 0.024543

Evaluation: Average loss: 0.0697, Accuracy: 5882/6000 (98.033%)

Current learning rate: 0.1. Time taken for epoch: 2.75 seconds.

Train Epoch: 35 [0/54000 (0%)]	Loss: 0.034575
Train Epoch: 35 [10000/54000 (19%)]	Loss: 0.058323
Train Epoch: 35 [20000/54000 (37%)]	Loss: 0.022960
Train Epoch: 35 [30000/54000 (56%)]	Loss: 0.049430
Train Epoch: 35 [40000/54000 (74%)]	Loss: 0.061415
Train Epoch: 35 [50000/54000 (93%)]	Loss: 0.136043

Evaluation: Average loss: 0.0745, Accuracy: 5877/6000 (97.950%)

Current learning rate: 0.1. Time taken for epoch: 2.70 seconds.

Train Epoch: 36 [0/54000 (0%)]	Loss: 0.059159
Train Epoch: 36 [10000/54000 (19%)]	Loss: 0.006562
Train Epoch: 36 [20000/54000 (37%)]	Loss: 0.091816
Train Epoch: 36 [30000/54000 (56%)]	Loss: 0.020221
Train Epoch: 36 [40000/54000 (74%)]	Loss: 0.062045
Train Epoch: 36 [50000/54000 (93%)]	Loss: 0.056654

Evaluation: Average loss: 0.0857, Accuracy: 5849/6000 (97.483%)

Current learning rate: 0.1. Time taken for epoch: 2.73 seconds.

Train Epoch: 37 [0/54000 (0%)]	Loss: 0.063205
Train Epoch: 37 [10000/54000 (19%)]	Loss: 0.026155
Train Epoch: 37 [20000/54000 (37%)]	Loss: 0.074773
Train Epoch: 37 [30000/54000 (56%)]	Loss: 0.136715
Train Epoch: 37 [40000/54000 (74%)]	Loss: 0.091176
Train Epoch: 37 [50000/54000 (93%)]	Loss: 0.050268

Evaluation: Average loss: 0.0795, Accuracy: 5871/6000 (97.850%)

Current learning rate: 0.1. Time taken for epoch: 2.70 seconds.

Train Epoch: 38 [0/54000 (0%)]	Loss: 0.016191
Train Epoch: 38 [10000/54000 (19%)]	Loss: 0.012418
Train Epoch: 38 [20000/54000 (37%)]	Loss: 0.035718
Train Epoch: 38 [30000/54000 (56%)]	Loss: 0.123537
Train Epoch: 38 [40000/54000 (74%)]	Loss: 0.005520
Train Epoch: 38 [50000/54000 (93%)]	Loss: 0.055249

Evaluation: Average loss: 0.0878, Accuracy: 5847/6000 (97.450%)

Current learning rate: 0.1. Time taken for epoch: 2.70 seconds.

Train Epoch: 39 [0/54000 (0%)]	Loss: 0.010272
Train Epoch: 39 [10000/54000 (19%)]	Loss: 0.012251
Train Epoch: 39 [20000/54000 (37%)]	Loss: 0.060209
Train Epoch: 39 [30000/54000 (56%)]	Loss: 0.013250
Train Epoch: 39 [40000/54000 (74%)]	Loss: 0.015432
Train Epoch: 39 [50000/54000 (93%)]	Loss: 0.062745

Evaluation: Average loss: 0.0795, Accuracy: 5863/6000 (97.717%)

Current learning rate: 0.1. Time taken for epoch: 2.70 seconds.

Train Epoch: 40 [0/54000 (0%)]	Loss: 0.056241
Train Epoch: 40 [10000/54000 (19%)]	Loss: 0.038173
Train Epoch: 40 [20000/54000 (37%)]	Loss: 0.030677
Train Epoch: 40 [30000/54000 (56%)]	Loss: 0.013960
Train Epoch: 40 [40000/54000 (74%)]	Loss: 0.122718
Train Epoch: 40 [50000/54000 (93%)]	Loss: 0.025499

Evaluation: Average loss: 0.0905, Accuracy: 5841/6000 (97.350%)

Current learning rate: 0.1. Time taken for epoch: 2.71 seconds.

Train Epoch: 41 [0/54000 (0%)]	Loss: 0.041061
Train Epoch: 41 [10000/54000 (19%)]	Loss: 0.029296
Train Epoch: 41 [20000/54000 (37%)]	Loss: 0.035375
Train Epoch: 41 [30000/54000 (56%)]	Loss: 0.048944
Train Epoch: 41 [40000/54000 (74%)]	Loss: 0.040212
Train Epoch: 41 [50000/54000 (93%)]	Loss: 0.019851

Evaluation: Average loss: 0.0765, Accuracy: 5874/6000 (97.900%)

Current learning rate: 0.1. Time taken for epoch: 2.73 seconds.

Train Epoch: 42 [0/54000 (0%)]	Loss: 0.099041
Train Epoch: 42 [10000/54000 (19%)]	Loss: 0.021415
Train Epoch: 42 [20000/54000 (37%)]	Loss: 0.044571
Train Epoch: 42 [30000/54000 (56%)]	Loss: 0.036824
Train Epoch: 42 [40000/54000 (74%)]	Loss: 0.045803
Train Epoch: 42 [50000/54000 (93%)]	Loss: 0.018293

Evaluation: Average loss: 0.0790, Accuracy: 5858/6000 (97.633%)

Current learning rate: 0.1. Time taken for epoch: 2.71 seconds.

Train Epoch: 43 [0/54000 (0%)]	Loss: 0.089486
Train Epoch: 43 [10000/54000 (19%)]	Loss: 0.058096
Train Epoch: 43 [20000/54000 (37%)]	Loss: 0.063795
Train Epoch: 43 [30000/54000 (56%)]	Loss: 0.077602
Train Epoch: 43 [40000/54000 (74%)]	Loss: 0.074557
Train Epoch: 43 [50000/54000 (93%)]	Loss: 0.071027

Evaluation: Average loss: 0.0955, Accuracy: 5830/6000 (97.167%)

Current learning rate: 0.1. Time taken for epoch: 2.71 seconds.

Train Epoch: 44 [0/54000 (0%)]	Loss: 0.015477
Train Epoch: 44 [10000/54000 (19%)]	Loss: 0.084992
Train Epoch: 44 [20000/54000 (37%)]	Loss: 0.020351
Train Epoch: 44 [30000/54000 (56%)]	Loss: 0.091523
Train Epoch: 44 [40000/54000 (74%)]	Loss: 0.026983
Train Epoch: 44 [50000/54000 (93%)]	Loss: 0.021198

Evaluation: Average loss: 0.0816, Accuracy: 5859/6000 (97.650%)

Current learning rate: 0.1. Time taken for epoch: 2.70 seconds.

Train Epoch: 45 [0/54000 (0%)]	Loss: 0.078905
Train Epoch: 45 [10000/54000 (19%)]	Loss: 0.084923
Train Epoch: 45 [20000/54000 (37%)]	Loss: 0.014949
Train Epoch: 45 [30000/54000 (56%)]	Loss: 0.043648
Train Epoch: 45 [40000/54000 (74%)]	Loss: 0.026113
Train Epoch: 45 [50000/54000 (93%)]	Loss: 0.035812

Evaluation: Average loss: 0.0743, Accuracy: 5870/6000 (97.833%)

Current learning rate: 0.1. Time taken for epoch: 2.75 seconds.

Train Epoch: 46 [0/54000 (0%)]	Loss: 0.016337
Train Epoch: 46 [10000/54000 (19%)]	Loss: 0.053510
Train Epoch: 46 [20000/54000 (37%)]	Loss: 0.008715
Train Epoch: 46 [30000/54000 (56%)]	Loss: 0.013079
Train Epoch: 46 [40000/54000 (74%)]	Loss: 0.068521
Train Epoch: 46 [50000/54000 (93%)]	Loss: 0.035756

Evaluation: Average loss: 0.0703, Accuracy: 5879/6000 (97.983%)

Current learning rate: 0.1. Time taken for epoch: 2.71 seconds.

Train Epoch: 47 [0/54000 (0%)]	Loss: 0.065092
Train Epoch: 47 [10000/54000 (19%)]	Loss: 0.040403
Train Epoch: 47 [20000/54000 (37%)]	Loss: 0.043694
Train Epoch: 47 [30000/54000 (56%)]	Loss: 0.007218
Train Epoch: 47 [40000/54000 (74%)]	Loss: 0.010910
Train Epoch: 47 [50000/54000 (93%)]	Loss: 0.009644

Evaluation: Average loss: 0.0486, Accuracy: 5912/6000 (98.533%)

Current learning rate: 0.010000000000000002. Time taken for epoch: 2.71 seconds.

Train Epoch: 48 [0/54000 (0%)]	Loss: 0.004397
Train Epoch: 48 [10000/54000 (19%)]	Loss: 0.005159
Train Epoch: 48 [20000/54000 (37%)]	Loss: 0.020410
Train Epoch: 48 [30000/54000 (56%)]	Loss: 0.005344
Train Epoch: 48 [40000/54000 (74%)]	Loss: 0.032335
Train Epoch: 48 [50000/54000 (93%)]	Loss: 0.007544

Evaluation: Average loss: 0.0458, Accuracy: 5915/6000 (98.583%)

Current learning rate: 0.010000000000000002. Time taken for epoch: 2.72 seconds.

Train Epoch: 49 [0/54000 (0%)]	Loss: 0.007203
Train Epoch: 49 [10000/54000 (19%)]	Loss: 0.003395
Train Epoch: 49 [20000/54000 (37%)]	Loss: 0.012941
Train Epoch: 49 [30000/54000 (56%)]	Loss: 0.000953
Train Epoch: 49 [40000/54000 (74%)]	Loss: 0.008500
Train Epoch: 49 [50000/54000 (93%)]	Loss: 0.002588

Evaluation: Average loss: 0.0447, Accuracy: 5922/6000 (98.700%)

Current learning rate: 0.010000000000000002. Time taken for epoch: 2.74 seconds.

Train Epoch: 50 [0/54000 (0%)]	Loss: 0.003429
Train Epoch: 50 [10000/54000 (19%)]	Loss: 0.005311
Train Epoch: 50 [20000/54000 (37%)]	Loss: 0.003766
Train Epoch: 50 [30000/54000 (56%)]	Loss: 0.023779
Train Epoch: 50 [40000/54000 (74%)]	Loss: 0.001664
Train Epoch: 50 [50000/54000 (93%)]	Loss: 0.005002

Evaluation: Average loss: 0.0429, Accuracy: 5923/6000 (98.717%)

Current learning rate: 0.010000000000000002. Time taken for epoch: 2.73 seconds.

Train Epoch: 51 [0/54000 (0%)]	Loss: 0.002812
Train Epoch: 51 [10000/54000 (19%)]	Loss: 0.001935
Train Epoch: 51 [20000/54000 (37%)]	Loss: 0.000887
Train Epoch: 51 [30000/54000 (56%)]	Loss: 0.011474
Train Epoch: 51 [40000/54000 (74%)]	Loss: 0.005065
Train Epoch: 51 [50000/54000 (93%)]	Loss: 0.006665

Evaluation: Average loss: 0.0432, Accuracy: 5924/6000 (98.733%)

Current learning rate: 0.010000000000000002. Time taken for epoch: 2.76 seconds.

Train Epoch: 52 [0/54000 (0%)]	Loss: 0.001127
Train Epoch: 52 [10000/54000 (19%)]	Loss: 0.007514
Train Epoch: 52 [20000/54000 (37%)]	Loss: 0.005361
Train Epoch: 52 [30000/54000 (56%)]	Loss: 0.002269
Train Epoch: 52 [40000/54000 (74%)]	Loss: 0.007419
Train Epoch: 52 [50000/54000 (93%)]	Loss: 0.002847

Evaluation: Average loss: 0.0431, Accuracy: 5923/6000 (98.717%)

Current learning rate: 0.010000000000000002. Time taken for epoch: 2.73 seconds.

Train Epoch: 53 [0/54000 (0%)]	Loss: 0.006142
Train Epoch: 53 [10000/54000 (19%)]	Loss: 0.001497
Train Epoch: 53 [20000/54000 (37%)]	Loss: 0.001881
Train Epoch: 53 [30000/54000 (56%)]	Loss: 0.005475
Train Epoch: 53 [40000/54000 (74%)]	Loss: 0.002065
Train Epoch: 53 [50000/54000 (93%)]	Loss: 0.003573

Evaluation: Average loss: 0.0430, Accuracy: 5922/6000 (98.700%)

Current learning rate: 0.010000000000000002. Time taken for epoch: 2.76 seconds.

Train Epoch: 54 [0/54000 (0%)]	Loss: 0.006805
Train Epoch: 54 [10000/54000 (19%)]	Loss: 0.006006
Train Epoch: 54 [20000/54000 (37%)]	Loss: 0.005859
Train Epoch: 54 [30000/54000 (56%)]	Loss: 0.002019
Train Epoch: 54 [40000/54000 (74%)]	Loss: 0.008625
Train Epoch: 54 [50000/54000 (93%)]	Loss: 0.012325

Evaluation: Average loss: 0.0423, Accuracy: 5924/6000 (98.733%)

Current learning rate: 0.010000000000000002. Time taken for epoch: 2.73 seconds.

Train Epoch: 55 [0/54000 (0%)]	Loss: 0.003524
Train Epoch: 55 [10000/54000 (19%)]	Loss: 0.002979
Train Epoch: 55 [20000/54000 (37%)]	Loss: 0.023293
Train Epoch: 55 [30000/54000 (56%)]	Loss: 0.002515
Train Epoch: 55 [40000/54000 (74%)]	Loss: 0.004164
Train Epoch: 55 [50000/54000 (93%)]	Loss: 0.003024

Evaluation: Average loss: 0.0426, Accuracy: 5925/6000 (98.750%)

Current learning rate: 0.010000000000000002. Time taken for epoch: 2.73 seconds.

Train Epoch: 56 [0/54000 (0%)]	Loss: 0.004595
Train Epoch: 56 [10000/54000 (19%)]	Loss: 0.002827
Train Epoch: 56 [20000/54000 (37%)]	Loss: 0.003166
Train Epoch: 56 [30000/54000 (56%)]	Loss: 0.006445
Train Epoch: 56 [40000/54000 (74%)]	Loss: 0.002976
Train Epoch: 56 [50000/54000 (93%)]	Loss: 0.007092

Evaluation: Average loss: 0.0425, Accuracy: 5925/6000 (98.750%)

Current learning rate: 0.010000000000000002. Time taken for epoch: 2.71 seconds.

Train Epoch: 57 [0/54000 (0%)]	Loss: 0.004268
Train Epoch: 57 [10000/54000 (19%)]	Loss: 0.004110
Train Epoch: 57 [20000/54000 (37%)]	Loss: 0.002079
Train Epoch: 57 [30000/54000 (56%)]	Loss: 0.008991
Train Epoch: 57 [40000/54000 (74%)]	Loss: 0.008140
Train Epoch: 57 [50000/54000 (93%)]	Loss: 0.020602

Evaluation: Average loss: 0.0428, Accuracy: 5925/6000 (98.750%)

Current learning rate: 0.010000000000000002. Time taken for epoch: 2.68 seconds.

Train Epoch: 58 [0/54000 (0%)]	Loss: 0.004763
Train Epoch: 58 [10000/54000 (19%)]	Loss: 0.005960
Train Epoch: 58 [20000/54000 (37%)]	Loss: 0.002630
Train Epoch: 58 [30000/54000 (56%)]	Loss: 0.002372
Train Epoch: 58 [40000/54000 (74%)]	Loss: 0.003427
Train Epoch: 58 [50000/54000 (93%)]	Loss: 0.004371

Evaluation: Average loss: 0.0423, Accuracy: 5926/6000 (98.767%)

Current learning rate: 0.010000000000000002. Time taken for epoch: 2.75 seconds.

Train Epoch: 59 [0/54000 (0%)]	Loss: 0.000995
Train Epoch: 59 [10000/54000 (19%)]	Loss: 0.002356
Train Epoch: 59 [20000/54000 (37%)]	Loss: 0.009264
Train Epoch: 59 [30000/54000 (56%)]	Loss: 0.004904
Train Epoch: 59 [40000/54000 (74%)]	Loss: 0.011197
Train Epoch: 59 [50000/54000 (93%)]	Loss: 0.003821

Evaluation: Average loss: 0.0426, Accuracy: 5927/6000 (98.783%)

Current learning rate: 0.010000000000000002. Time taken for epoch: 2.75 seconds.

Train Epoch: 60 [0/54000 (0%)]	Loss: 0.001964
Train Epoch: 60 [10000/54000 (19%)]	Loss: 0.003797
Train Epoch: 60 [20000/54000 (37%)]	Loss: 0.001172
Train Epoch: 60 [30000/54000 (56%)]	Loss: 0.003063
Train Epoch: 60 [40000/54000 (74%)]	Loss: 0.002239
Train Epoch: 60 [50000/54000 (93%)]	Loss: 0.001038

Evaluation: Average loss: 0.0427, Accuracy: 5926/6000 (98.767%)

Current learning rate: 0.010000000000000002. Time taken for epoch: 2.70 seconds.

Train Epoch: 61 [0/54000 (0%)]	Loss: 0.003295
Train Epoch: 61 [10000/54000 (19%)]	Loss: 0.003886
Train Epoch: 61 [20000/54000 (37%)]	Loss: 0.002374
Train Epoch: 61 [30000/54000 (56%)]	Loss: 0.006821
Train Epoch: 61 [40000/54000 (74%)]	Loss: 0.006900
Train Epoch: 61 [50000/54000 (93%)]	Loss: 0.003172

Evaluation: Average loss: 0.0428, Accuracy: 5929/6000 (98.817%)

Current learning rate: 0.010000000000000002. Time taken for epoch: 2.73 seconds.

Train Epoch: 62 [0/54000 (0%)]	Loss: 0.001722
Train Epoch: 62 [10000/54000 (19%)]	Loss: 0.004577
Train Epoch: 62 [20000/54000 (37%)]	Loss: 0.011525
Train Epoch: 62 [30000/54000 (56%)]	Loss: 0.003536
Train Epoch: 62 [40000/54000 (74%)]	Loss: 0.003003
Train Epoch: 62 [50000/54000 (93%)]	Loss: 0.007229

Evaluation: Average loss: 0.0436, Accuracy: 5926/6000 (98.767%)

Current learning rate: 0.010000000000000002. Time taken for epoch: 2.72 seconds.

Train Epoch: 63 [0/54000 (0%)]	Loss: 0.004445
Train Epoch: 63 [10000/54000 (19%)]	Loss: 0.001867
Train Epoch: 63 [20000/54000 (37%)]	Loss: 0.003808
Train Epoch: 63 [30000/54000 (56%)]	Loss: 0.006356
Train Epoch: 63 [40000/54000 (74%)]	Loss: 0.001940
Train Epoch: 63 [50000/54000 (93%)]	Loss: 0.006477

Evaluation: Average loss: 0.0425, Accuracy: 5925/6000 (98.750%)

Current learning rate: 0.010000000000000002. Time taken for epoch: 2.71 seconds.

Train Epoch: 64 [0/54000 (0%)]	Loss: 0.005319
Train Epoch: 64 [10000/54000 (19%)]	Loss: 0.003123
Train Epoch: 64 [20000/54000 (37%)]	Loss: 0.002498
Train Epoch: 64 [30000/54000 (56%)]	Loss: 0.001334
Train Epoch: 64 [40000/54000 (74%)]	Loss: 0.005749
Train Epoch: 64 [50000/54000 (93%)]	Loss: 0.009046

Evaluation: Average loss: 0.0432, Accuracy: 5924/6000 (98.733%)

Current learning rate: 0.010000000000000002. Time taken for epoch: 2.72 seconds.

Train Epoch: 65 [0/54000 (0%)]	Loss: 0.003900
Train Epoch: 65 [10000/54000 (19%)]	Loss: 0.004046
Train Epoch: 65 [20000/54000 (37%)]	Loss: 0.005312
Train Epoch: 65 [30000/54000 (56%)]	Loss: 0.001221
Train Epoch: 65 [40000/54000 (74%)]	Loss: 0.001821
Train Epoch: 65 [50000/54000 (93%)]	Loss: 0.001457

Evaluation: Average loss: 0.0426, Accuracy: 5923/6000 (98.717%)

Current learning rate: 0.010000000000000002. Time taken for epoch: 2.75 seconds.

Train Epoch: 66 [0/54000 (0%)]	Loss: 0.002857
Train Epoch: 66 [10000/54000 (19%)]	Loss: 0.002942
Train Epoch: 66 [20000/54000 (37%)]	Loss: 0.008422
Train Epoch: 66 [30000/54000 (56%)]	Loss: 0.026292
Train Epoch: 66 [40000/54000 (74%)]	Loss: 0.004620
Train Epoch: 66 [50000/54000 (93%)]	Loss: 0.010618

Evaluation: Average loss: 0.0428, Accuracy: 5926/6000 (98.767%)

Current learning rate: 0.010000000000000002. Time taken for epoch: 2.72 seconds.

Train Epoch: 67 [0/54000 (0%)]	Loss: 0.002500
Train Epoch: 67 [10000/54000 (19%)]	Loss: 0.005672
Train Epoch: 67 [20000/54000 (37%)]	Loss: 0.001973
Train Epoch: 67 [30000/54000 (56%)]	Loss: 0.003627
Train Epoch: 67 [40000/54000 (74%)]	Loss: 0.003990
Train Epoch: 67 [50000/54000 (93%)]	Loss: 0.004509

Evaluation: Average loss: 0.0436, Accuracy: 5926/6000 (98.767%)

Current learning rate: 0.010000000000000002. Time taken for epoch: 2.69 seconds.

Train Epoch: 68 [0/54000 (0%)]	Loss: 0.002185
Train Epoch: 68 [10000/54000 (19%)]	Loss: 0.005203
Train Epoch: 68 [20000/54000 (37%)]	Loss: 0.002749
Train Epoch: 68 [30000/54000 (56%)]	Loss: 0.004098
Train Epoch: 68 [40000/54000 (74%)]	Loss: 0.003635
Train Epoch: 68 [50000/54000 (93%)]	Loss: 0.007045

Evaluation: Average loss: 0.0435, Accuracy: 5922/6000 (98.700%)

Current learning rate: 0.010000000000000002. Time taken for epoch: 2.73 seconds.

Train Epoch: 69 [0/54000 (0%)]	Loss: 0.006023
Train Epoch: 69 [10000/54000 (19%)]	Loss: 0.004769
Train Epoch: 69 [20000/54000 (37%)]	Loss: 0.004991
Train Epoch: 69 [30000/54000 (56%)]	Loss: 0.003214
Train Epoch: 69 [40000/54000 (74%)]	Loss: 0.001707
Train Epoch: 69 [50000/54000 (93%)]	Loss: 0.005553

Evaluation: Average loss: 0.0440, Accuracy: 5926/6000 (98.767%)

Current learning rate: 0.010000000000000002. Time taken for epoch: 2.77 seconds.

Train Epoch: 70 [0/54000 (0%)]	Loss: 0.001290
Train Epoch: 70 [10000/54000 (19%)]	Loss: 0.004299
Train Epoch: 70 [20000/54000 (37%)]	Loss: 0.002009
Train Epoch: 70 [30000/54000 (56%)]	Loss: 0.003756
Train Epoch: 70 [40000/54000 (74%)]	Loss: 0.005613
Train Epoch: 70 [50000/54000 (93%)]	Loss: 0.006733

Evaluation: Average loss: 0.0432, Accuracy: 5925/6000 (98.750%)

Current learning rate: 0.010000000000000002. Time taken for epoch: 2.71 seconds.

Train Epoch: 71 [0/54000 (0%)]	Loss: 0.002436
Train Epoch: 71 [10000/54000 (19%)]	Loss: 0.006342
Train Epoch: 71 [20000/54000 (37%)]	Loss: 0.007587
Train Epoch: 71 [30000/54000 (56%)]	Loss: 0.006844
Train Epoch: 71 [40000/54000 (74%)]	Loss: 0.009005
Train Epoch: 71 [50000/54000 (93%)]	Loss: 0.003948

Evaluation: Average loss: 0.0437, Accuracy: 5926/6000 (98.767%)

Current learning rate: 0.010000000000000002. Time taken for epoch: 2.71 seconds.

Train Epoch: 72 [0/54000 (0%)]	Loss: 0.005075
Train Epoch: 72 [10000/54000 (19%)]	Loss: 0.003808
Train Epoch: 72 [20000/54000 (37%)]	Loss: 0.006030
Train Epoch: 72 [30000/54000 (56%)]	Loss: 0.006309
Train Epoch: 72 [40000/54000 (74%)]	Loss: 0.003505
Train Epoch: 72 [50000/54000 (93%)]	Loss: 0.003738

Evaluation: Average loss: 0.0430, Accuracy: 5925/6000 (98.750%)

Current learning rate: 0.010000000000000002. Time taken for epoch: 2.70 seconds.

Train Epoch: 73 [0/54000 (0%)]	Loss: 0.003042
Train Epoch: 73 [10000/54000 (19%)]	Loss: 0.007375
Train Epoch: 73 [20000/54000 (37%)]	Loss: 0.004520
Train Epoch: 73 [30000/54000 (56%)]	Loss: 0.002871
Train Epoch: 73 [40000/54000 (74%)]	Loss: 0.006439
Train Epoch: 73 [50000/54000 (93%)]	Loss: 0.005320

Evaluation: Average loss: 0.0429, Accuracy: 5925/6000 (98.750%)

Current learning rate: 0.010000000000000002. Time taken for epoch: 2.73 seconds.

Train Epoch: 74 [0/54000 (0%)]	Loss: 0.006539
Train Epoch: 74 [10000/54000 (19%)]	Loss: 0.003927
Train Epoch: 74 [20000/54000 (37%)]	Loss: 0.003721
Train Epoch: 74 [30000/54000 (56%)]	Loss: 0.006040
Train Epoch: 74 [40000/54000 (74%)]	Loss: 0.002531
Train Epoch: 74 [50000/54000 (93%)]	Loss: 0.002598

Evaluation: Average loss: 0.0430, Accuracy: 5924/6000 (98.733%)

Current learning rate: 0.010000000000000002. Time taken for epoch: 2.72 seconds.

Train Epoch: 75 [0/54000 (0%)]	Loss: 0.004914
Train Epoch: 75 [10000/54000 (19%)]	Loss: 0.002856
Train Epoch: 75 [20000/54000 (37%)]	Loss: 0.003706
Train Epoch: 75 [30000/54000 (56%)]	Loss: 0.003305
Train Epoch: 75 [40000/54000 (74%)]	Loss: 0.003563
Train Epoch: 75 [50000/54000 (93%)]	Loss: 0.008080

Evaluation: Average loss: 0.0433, Accuracy: 5925/6000 (98.750%)

Current learning rate: 0.010000000000000002. Time taken for epoch: 2.76 seconds.

Train Epoch: 76 [0/54000 (0%)]	Loss: 0.002459
Train Epoch: 76 [10000/54000 (19%)]	Loss: 0.002658
Train Epoch: 76 [20000/54000 (37%)]	Loss: 0.002512
Train Epoch: 76 [30000/54000 (56%)]	Loss: 0.003616
Train Epoch: 76 [40000/54000 (74%)]	Loss: 0.007667
Train Epoch: 76 [50000/54000 (93%)]	Loss: 0.004974

Evaluation: Average loss: 0.0433, Accuracy: 5925/6000 (98.750%)

Current learning rate: 0.010000000000000002. Time taken for epoch: 2.72 seconds.

Train Epoch: 77 [0/54000 (0%)]	Loss: 0.002688
Train Epoch: 77 [10000/54000 (19%)]	Loss: 0.004997
Train Epoch: 77 [20000/54000 (37%)]	Loss: 0.004858
Train Epoch: 77 [30000/54000 (56%)]	Loss: 0.008755
Train Epoch: 77 [40000/54000 (74%)]	Loss: 0.006585
Train Epoch: 77 [50000/54000 (93%)]	Loss: 0.007629

Evaluation: Average loss: 0.0437, Accuracy: 5925/6000 (98.750%)

Current learning rate: 0.010000000000000002. Time taken for epoch: 2.70 seconds.

Train Epoch: 78 [0/54000 (0%)]	Loss: 0.007087
Train Epoch: 78 [10000/54000 (19%)]	Loss: 0.005338
Train Epoch: 78 [20000/54000 (37%)]	Loss: 0.004660
Train Epoch: 78 [30000/54000 (56%)]	Loss: 0.008188
Train Epoch: 78 [40000/54000 (74%)]	Loss: 0.003563
Train Epoch: 78 [50000/54000 (93%)]	Loss: 0.006511

Evaluation: Average loss: 0.0437, Accuracy: 5930/6000 (98.833%)

Current learning rate: 0.010000000000000002. Time taken for epoch: 2.71 seconds.

Train Epoch: 79 [0/54000 (0%)]	Loss: 0.006405
Train Epoch: 79 [10000/54000 (19%)]	Loss: 0.004354
Train Epoch: 79 [20000/54000 (37%)]	Loss: 0.003324
Train Epoch: 79 [30000/54000 (56%)]	Loss: 0.003278
Train Epoch: 79 [40000/54000 (74%)]	Loss: 0.004521
Train Epoch: 79 [50000/54000 (93%)]	Loss: 0.005857

Evaluation: Average loss: 0.0437, Accuracy: 5927/6000 (98.783%)

Current learning rate: 0.010000000000000002. Time taken for epoch: 2.73 seconds.

Train Epoch: 80 [0/54000 (0%)]	Loss: 0.004502
Train Epoch: 80 [10000/54000 (19%)]	Loss: 0.002279
Train Epoch: 80 [20000/54000 (37%)]	Loss: 0.004229
Train Epoch: 80 [30000/54000 (56%)]	Loss: 0.003487
Train Epoch: 80 [40000/54000 (74%)]	Loss: 0.004124
Train Epoch: 80 [50000/54000 (93%)]	Loss: 0.006848

Evaluation: Average loss: 0.0434, Accuracy: 5927/6000 (98.783%)

Current learning rate: 0.010000000000000002. Time taken for epoch: 2.71 seconds.

Train Epoch: 81 [0/54000 (0%)]	Loss: 0.004464
Train Epoch: 81 [10000/54000 (19%)]	Loss: 0.007767
Train Epoch: 81 [20000/54000 (37%)]	Loss: 0.005451
Train Epoch: 81 [30000/54000 (56%)]	Loss: 0.001683
Train Epoch: 81 [40000/54000 (74%)]	Loss: 0.007319
Train Epoch: 81 [50000/54000 (93%)]	Loss: 0.005294

Evaluation: Average loss: 0.0435, Accuracy: 5925/6000 (98.750%)

Current learning rate: 0.010000000000000002. Time taken for epoch: 2.79 seconds.

Train Epoch: 82 [0/54000 (0%)]	Loss: 0.010908
Train Epoch: 82 [10000/54000 (19%)]	Loss: 0.002426
Train Epoch: 82 [20000/54000 (37%)]	Loss: 0.003430
Train Epoch: 82 [30000/54000 (56%)]	Loss: 0.002598
Train Epoch: 82 [40000/54000 (74%)]	Loss: 0.007013
Train Epoch: 82 [50000/54000 (93%)]	Loss: 0.003834

Evaluation: Average loss: 0.0434, Accuracy: 5925/6000 (98.750%)

Current learning rate: 0.010000000000000002. Time taken for epoch: 2.72 seconds.

Train Epoch: 83 [0/54000 (0%)]	Loss: 0.006249
Train Epoch: 83 [10000/54000 (19%)]	Loss: 0.006984
Train Epoch: 83 [20000/54000 (37%)]	Loss: 0.003110
Train Epoch: 83 [30000/54000 (56%)]	Loss: 0.006253
Train Epoch: 83 [40000/54000 (74%)]	Loss: 0.002865
Train Epoch: 83 [50000/54000 (93%)]	Loss: 0.006286

Evaluation: Average loss: 0.0447, Accuracy: 5925/6000 (98.750%)

Current learning rate: 0.010000000000000002. Time taken for epoch: 2.71 seconds.

Train Epoch: 84 [0/54000 (0%)]	Loss: 0.002384
Train Epoch: 84 [10000/54000 (19%)]	Loss: 0.004098
Train Epoch: 84 [20000/54000 (37%)]	Loss: 0.003693
Train Epoch: 84 [30000/54000 (56%)]	Loss: 0.007384
Train Epoch: 84 [40000/54000 (74%)]	Loss: 0.006385
Train Epoch: 84 [50000/54000 (93%)]	Loss: 0.004622

Evaluation: Average loss: 0.0442, Accuracy: 5930/6000 (98.833%)

Current learning rate: 0.010000000000000002. Time taken for epoch: 2.74 seconds.

Train Epoch: 85 [0/54000 (0%)]	Loss: 0.002016
Train Epoch: 85 [10000/54000 (19%)]	Loss: 0.005107
Train Epoch: 85 [20000/54000 (37%)]	Loss: 0.004037
Train Epoch: 85 [30000/54000 (56%)]	Loss: 0.007642
Train Epoch: 85 [40000/54000 (74%)]	Loss: 0.007481
Train Epoch: 85 [50000/54000 (93%)]	Loss: 0.007141

Evaluation: Average loss: 0.0434, Accuracy: 5927/6000 (98.783%)

Current learning rate: 0.010000000000000002. Time taken for epoch: 2.75 seconds.

Train Epoch: 86 [0/54000 (0%)]	Loss: 0.011916
Train Epoch: 86 [10000/54000 (19%)]	Loss: 0.003462
Train Epoch: 86 [20000/54000 (37%)]	Loss: 0.004621
Train Epoch: 86 [30000/54000 (56%)]	Loss: 0.005398
Train Epoch: 86 [40000/54000 (74%)]	Loss: 0.003249
Train Epoch: 86 [50000/54000 (93%)]	Loss: 0.001667

Evaluation: Average loss: 0.0451, Accuracy: 5921/6000 (98.683%)

Current learning rate: 0.010000000000000002. Time taken for epoch: 2.73 seconds.

Train Epoch: 87 [0/54000 (0%)]	Loss: 0.002555
Train Epoch: 87 [10000/54000 (19%)]	Loss: 0.002330
Train Epoch: 87 [20000/54000 (37%)]	Loss: 0.003239
Train Epoch: 87 [30000/54000 (56%)]	Loss: 0.004001
Train Epoch: 87 [40000/54000 (74%)]	Loss: 0.004723
Train Epoch: 87 [50000/54000 (93%)]	Loss: 0.002370

Evaluation: Average loss: 0.0442, Accuracy: 5927/6000 (98.783%)

Current learning rate: 0.010000000000000002. Time taken for epoch: 2.73 seconds.

Train Epoch: 88 [0/54000 (0%)]	Loss: 0.001840
Train Epoch: 88 [10000/54000 (19%)]	Loss: 0.006783
Train Epoch: 88 [20000/54000 (37%)]	Loss: 0.004338
Train Epoch: 88 [30000/54000 (56%)]	Loss: 0.003879
Train Epoch: 88 [40000/54000 (74%)]	Loss: 0.004195
Train Epoch: 88 [50000/54000 (93%)]	Loss: 0.004713

Evaluation: Average loss: 0.0446, Accuracy: 5922/6000 (98.700%)

Current learning rate: 0.010000000000000002. Time taken for epoch: 2.78 seconds.

Train Epoch: 89 [0/54000 (0%)]	Loss: 0.009302
Train Epoch: 89 [10000/54000 (19%)]	Loss: 0.003850
Train Epoch: 89 [20000/54000 (37%)]	Loss: 0.006694
Train Epoch: 89 [30000/54000 (56%)]	Loss: 0.001969
Train Epoch: 89 [40000/54000 (74%)]	Loss: 0.004636
Train Epoch: 89 [50000/54000 (93%)]	Loss: 0.005893

Evaluation: Average loss: 0.0434, Accuracy: 5928/6000 (98.800%)

Current learning rate: 0.010000000000000002. Time taken for epoch: 2.76 seconds.

Train Epoch: 90 [0/54000 (0%)]	Loss: 0.006873
Train Epoch: 90 [10000/54000 (19%)]	Loss: 0.005750
Train Epoch: 90 [20000/54000 (37%)]	Loss: 0.005924
Train Epoch: 90 [30000/54000 (56%)]	Loss: 0.005361
Train Epoch: 90 [40000/54000 (74%)]	Loss: 0.002531
Train Epoch: 90 [50000/54000 (93%)]	Loss: 0.006430

Evaluation: Average loss: 0.0442, Accuracy: 5929/6000 (98.817%)

Current learning rate: 0.010000000000000002. Time taken for epoch: 2.70 seconds.

Train Epoch: 91 [0/54000 (0%)]	Loss: 0.004903
Train Epoch: 91 [10000/54000 (19%)]	Loss: 0.002674
Train Epoch: 91 [20000/54000 (37%)]	Loss: 0.004464
Train Epoch: 91 [30000/54000 (56%)]	Loss: 0.014752
Train Epoch: 91 [40000/54000 (74%)]	Loss: 0.005663
Train Epoch: 91 [50000/54000 (93%)]	Loss: 0.003989

Evaluation: Average loss: 0.0443, Accuracy: 5929/6000 (98.817%)

Current learning rate: 0.010000000000000002. Time taken for epoch: 2.71 seconds.

Train Epoch: 92 [0/54000 (0%)]	Loss: 0.004786
Train Epoch: 92 [10000/54000 (19%)]	Loss: 0.007263
Train Epoch: 92 [20000/54000 (37%)]	Loss: 0.009727
Train Epoch: 92 [30000/54000 (56%)]	Loss: 0.004911
Train Epoch: 92 [40000/54000 (74%)]	Loss: 0.005212
Train Epoch: 92 [50000/54000 (93%)]	Loss: 0.005484

Evaluation: Average loss: 0.0443, Accuracy: 5924/6000 (98.733%)

Current learning rate: 0.010000000000000002. Time taken for epoch: 2.76 seconds.

Train Epoch: 93 [0/54000 (0%)]	Loss: 0.015223
Train Epoch: 93 [10000/54000 (19%)]	Loss: 0.003828
Train Epoch: 93 [20000/54000 (37%)]	Loss: 0.008805
Train Epoch: 93 [30000/54000 (56%)]	Loss: 0.003038
Train Epoch: 93 [40000/54000 (74%)]	Loss: 0.003715
Train Epoch: 93 [50000/54000 (93%)]	Loss: 0.003781

Evaluation: Average loss: 0.0439, Accuracy: 5926/6000 (98.767%)

Current learning rate: 0.0010000000000000002. Time taken for epoch: 2.70 seconds.

Train Epoch: 94 [0/54000 (0%)]	Loss: 0.003885
Train Epoch: 94 [10000/54000 (19%)]	Loss: 0.004371
Train Epoch: 94 [20000/54000 (37%)]	Loss: 0.005105
Train Epoch: 94 [30000/54000 (56%)]	Loss: 0.004144
Train Epoch: 94 [40000/54000 (74%)]	Loss: 0.009272
Train Epoch: 94 [50000/54000 (93%)]	Loss: 0.002761

Evaluation: Average loss: 0.0437, Accuracy: 5926/6000 (98.767%)

Current learning rate: 0.0010000000000000002. Time taken for epoch: 2.74 seconds.

Train Epoch: 95 [0/54000 (0%)]	Loss: 0.004266
Train Epoch: 95 [10000/54000 (19%)]	Loss: 0.004424
Train Epoch: 95 [20000/54000 (37%)]	Loss: 0.008594
Train Epoch: 95 [30000/54000 (56%)]	Loss: 0.001986
Train Epoch: 95 [40000/54000 (74%)]	Loss: 0.003235
Train Epoch: 95 [50000/54000 (93%)]	Loss: 0.003358

Evaluation: Average loss: 0.0437, Accuracy: 5927/6000 (98.783%)

Current learning rate: 0.0010000000000000002. Time taken for epoch: 2.72 seconds.

Train Epoch: 96 [0/54000 (0%)]	Loss: 0.002746
Train Epoch: 96 [10000/54000 (19%)]	Loss: 0.003164
Train Epoch: 96 [20000/54000 (37%)]	Loss: 0.004553
Train Epoch: 96 [30000/54000 (56%)]	Loss: 0.005396
Train Epoch: 96 [40000/54000 (74%)]	Loss: 0.003500
Train Epoch: 96 [50000/54000 (93%)]	Loss: 0.002950

Evaluation: Average loss: 0.0438, Accuracy: 5927/6000 (98.783%)

Current learning rate: 0.0010000000000000002. Time taken for epoch: 2.72 seconds.

Train Epoch: 97 [0/54000 (0%)]	Loss: 0.003194
Train Epoch: 97 [10000/54000 (19%)]	Loss: 0.005366
Train Epoch: 97 [20000/54000 (37%)]	Loss: 0.003066
Train Epoch: 97 [30000/54000 (56%)]	Loss: 0.003949
Train Epoch: 97 [40000/54000 (74%)]	Loss: 0.006099
Train Epoch: 97 [50000/54000 (93%)]	Loss: 0.002775

Evaluation: Average loss: 0.0439, Accuracy: 5927/6000 (98.783%)

Current learning rate: 0.0010000000000000002. Time taken for epoch: 2.72 seconds.

Train Epoch: 98 [0/54000 (0%)]	Loss: 0.002623
Train Epoch: 98 [10000/54000 (19%)]	Loss: 0.003370
Train Epoch: 98 [20000/54000 (37%)]	Loss: 0.001778
Train Epoch: 98 [30000/54000 (56%)]	Loss: 0.005898
Train Epoch: 98 [40000/54000 (74%)]	Loss: 0.005017
Train Epoch: 98 [50000/54000 (93%)]	Loss: 0.002752

Evaluation: Average loss: 0.0436, Accuracy: 5931/6000 (98.850%)

Current learning rate: 0.0010000000000000002. Time taken for epoch: 2.72 seconds.

Train Epoch: 99 [0/54000 (0%)]	Loss: 0.005213
Train Epoch: 99 [10000/54000 (19%)]	Loss: 0.004824
Train Epoch: 99 [20000/54000 (37%)]	Loss: 0.004062
Train Epoch: 99 [30000/54000 (56%)]	Loss: 0.004267
Train Epoch: 99 [40000/54000 (74%)]	Loss: 0.002384
Train Epoch: 99 [50000/54000 (93%)]	Loss: 0.003494

Evaluation: Average loss: 0.0439, Accuracy: 5930/6000 (98.833%)

Current learning rate: 0.0010000000000000002. Time taken for epoch: 2.71 seconds.

Train Epoch: 100 [0/54000 (0%)]	Loss: 0.003170
Train Epoch: 100 [10000/54000 (19%)]	Loss: 0.006968
Train Epoch: 100 [20000/54000 (37%)]	Loss: 0.004014
Train Epoch: 100 [30000/54000 (56%)]	Loss: 0.004875
Train Epoch: 100 [40000/54000 (74%)]	Loss: 0.004749
Train Epoch: 100 [50000/54000 (93%)]	Loss: 0.001861

Evaluation: Average loss: 0.0437, Accuracy: 5928/6000 (98.800%)

Current learning rate: 0.0010000000000000002. Time taken for epoch: 2.72 seconds.


Test evaluation: Average loss: 0.0432, Accuracy: 9876/10000 (98.760%)


Iteration end: 1/1

